0 info it worked if it ends with ok
1 verbose cli [ 'F:\\Program Files\\nodejs\\\\node.exe',
1 verbose cli   'F:\\Program Files\\nodejs\\node_modules\\npm\\bin\\npm-cli.js',
1 verbose cli   'start' ]
2 info using npm@2.5.1
3 info using node@v0.12.0
4 verbose node symlink F:\Program Files\nodejs\\node.exe
5 verbose run-script [ 'prestart', 'start', 'poststart' ]
6 info prestart companion-simulation-software@0.0.0
7 verbose unsafe-perm in lifecycle true
8 info start companion-simulation-software@0.0.0
9 verbose unsafe-perm in lifecycle true
10 info companion-simulation-software@0.0.0 Failed to exec start script
11 verbose stack Error: companion-simulation-software@0.0.0 start: `http-server app/ -a 0.0.0.0 -p 8000`
11 verbose stack Exit status 1
11 verbose stack     at EventEmitter.<anonymous> (F:\Program Files\nodejs\node_modules\npm\lib\utils\lifecycle.js:213:16)
11 verbose stack     at EventEmitter.emit (events.js:110:17)
11 verbose stack     at ChildProcess.<anonymous> (F:\Program Files\nodejs\node_modules\npm\lib\utils\spawn.js:14:12)
11 verbose stack     at ChildProcess.emit (events.js:110:17)
11 verbose stack     at maybeClose (child_process.js:1008:16)
11 verbose stack     at Process.ChildProcess._handle.onexit (child_process.js:1080:5)
12 verbose pkgid companion-simulation-software@0.0.0
13 verbose cwd F:\Users\Samuel\Documents\GitHub\companion-simulation-software
14 error Windows_NT 6.1.7601
15 error argv "F:\\Program Files\\nodejs\\\\node.exe" "F:\\Program Files\\nodejs\\node_modules\\npm\\bin\\npm-cli.js" "start"
16 error node v0.12.0
17 error npm  v2.5.1
18 error code ELIFECYCLE
19 error companion-simulation-software@0.0.0 start: `http-server app/ -a 0.0.0.0 -p 8000`
19 error Exit status 1
20 error Failed at the companion-simulation-software@0.0.0 start script 'http-server app/ -a 0.0.0.0 -p 8000'.
20 error This is most likely a problem with the companion-simulation-software package,
20 error not with npm itself.
20 error Tell the author that this fails on your system:
20 error     http-server app/ -a 0.0.0.0 -p 8000
20 error You can get their info via:
20 error     npm owner ls companion-simulation-software
20 error There is likely additional logging output above.
21 verbose exit [ 1, true ]
